2018-06-11 22:19:23,319 in <module>(): INFO *** Kivy: v1.10.0
2018-06-11 22:19:23,319 in <module>(): INFO *** Python: v2.7.12 (default, Dec  4 2017, 14:50:18) 
[GCC 5.4.0 20160609]
2018-06-11 22:19:23,326 in <module>(): INFO *** Factory: 194 symbols loaded
2018-06-11 22:19:23,402 in core_register_libs(): INFO *** Image: Providers: img_tex, img_dds, img_sdl2, img_pil, img_gif (img_ffpyplayer ignored)
2018-06-11 22:19:23,407 in core_select_lib(): INFO *** Text: Provider: sdl2
2018-06-11 22:19:23,418 in <module>(): INFO *** AudioGstplayer: Using Gstreamer 1.8.3.0
2018-06-11 22:19:23,420 in core_register_libs(): INFO *** Audio: Providers: audio_gstplayer, audio_sdl2 (audio_ffpyplayer ignored)
2018-06-11 22:19:23,912 in <module>(): INFO *** OSC: using <multiprocessing> for socket
2018-06-11 22:19:23,915 in core_select_lib(): INFO *** Window: Provider: sdl2(['window_egl_rpi'] ignored)
2018-06-11 22:19:24,102 in init_gl(): INFO *** GL: Using the "OpenGL" graphics system
2018-06-11 22:19:24,102 in print_gl_version(): INFO *** GL: Backend used <gl>
2018-06-11 22:19:24,102 in print_gl_version(): INFO *** GL: OpenGL version <4.5.0 NVIDIA 384.130>
2018-06-11 22:19:24,102 in print_gl_version(): INFO *** GL: OpenGL vendor <NVIDIA Corporation>
2018-06-11 22:19:24,102 in print_gl_version(): INFO *** GL: OpenGL renderer <GeForce GTX 660/PCIe/SSE2>
2018-06-11 22:19:24,102 in print_gl_version(): INFO *** GL: OpenGL parsed version: 4, 5
2018-06-11 22:19:24,102 in print_gl_version(): INFO *** GL: Shading version <4.50 NVIDIA>
2018-06-11 22:19:24,103 in print_gl_version(): INFO *** GL: Texture max size <16384>
2018-06-11 22:19:24,103 in print_gl_version(): INFO *** GL: Texture max units <32>
2018-06-11 22:19:24,115 in create_window(): INFO *** Window: auto add sdl2 input provider
2018-06-11 22:19:24,115 in configure_keyboards(): INFO *** Window: virtual keyboard not allowed, single mode, not docked
2018-06-11 22:19:24,143 in populate(): INFO *** GL: NPOT texture support is available
2018-06-11 22:19:24,408 in runTouchApp(): INFO *** Base: Start application main loop
2018-06-11 22:19:26,789 in stopTouchApp(): INFO *** Base: Leaving application in progress...
