Added Component: Designator=C?(CAPR5-4X5)
Added Component: Designator=D1(LED-1)
Added Component: Designator=D2(LED-1)
Added Component: Designator=D3(LED-1)
Added Component: Designator=D4(LED-1)
Added Component: Designator=D5(LED-1)
Added Component: Designator=D6(LED-1)
Added Component: Designator=D7(LED-1)
Added Component: Designator=D8(LED-1)
Added Component: Designator=D9(LED-1)
Added Component: Designator=D10(LED-1)
Added Component: Designator=R1(POT4MM-2)
Added Component: Designator=R2(AXIAL-0.3)
Added Component: Designator=R3(AXIAL-0.3)
Added Component: Designator=R4(AXIAL-0.3)
Added Component: Designator=R5(AXIAL-0.3)
Added Component: Designator=R6(AXIAL-0.3)
Added Component: Designator=R7(AXIAL-0.3)
Added Component: Designator=R8(AXIAL-0.3)
Added Component: Designator=R9(AXIAL-0.3)
Added Component: Designator=R10(AXIAL-0.3)
Added Component: Designator=R11(AXIAL-0.3)
Added Component: Designator=R12(AXIAL-0.3)
Added Component: Designator=R13(AXIAL-0.3)
Added Component: Designator=U1(N08E)
Added Pin To Net: NetName=GND Pin=C?-2
Added Pin To Net: NetName=GND Pin=D1-2
Added Pin To Net: NetName=GND Pin=D2-2
Added Pin To Net: NetName=GND Pin=D3-2
Added Pin To Net: NetName=GND Pin=D4-2
Added Pin To Net: NetName=GND Pin=D5-2
Added Pin To Net: NetName=GND Pin=D6-2
Added Pin To Net: NetName=GND Pin=D7-2
Added Pin To Net: NetName=GND Pin=D8-2
Added Pin To Net: NetName=GND Pin=D9-2
Added Pin To Net: NetName=GND Pin=D10-2
Added Pin To Net: NetName=GND Pin=R3-1
Added Pin To Net: NetName=GND Pin=U1-1
Added Net: Name=GND
Added Pin To Net: NetName=NetC?_1 Pin=C?-1
Added Pin To Net: NetName=NetC?_1 Pin=R1-CW
Added Pin To Net: NetName=NetC?_1 Pin=R1-W
Added Pin To Net: NetName=NetC?_1 Pin=U1-2
Added Pin To Net: NetName=NetC?_1 Pin=U1-6
Added Net: Name=NetC?_1
Added Pin To Net: NetName=NetD1_1 Pin=D1-1
Added Pin To Net: NetName=NetD1_1 Pin=R4-1
Added Net: Name=NetD1_1
Added Pin To Net: NetName=NetD2_1 Pin=D2-1
Added Pin To Net: NetName=NetD2_1 Pin=R5-1
Added Net: Name=NetD2_1
Added Pin To Net: NetName=NetD3_1 Pin=D3-1
Added Pin To Net: NetName=NetD3_1 Pin=R6-1
Added Net: Name=NetD3_1
Added Pin To Net: NetName=NetD4_1 Pin=D4-1
Added Pin To Net: NetName=NetD4_1 Pin=R7-1
Added Net: Name=NetD4_1
Added Pin To Net: NetName=NetD5_1 Pin=D5-1
Added Pin To Net: NetName=NetD5_1 Pin=R8-1
Added Net: Name=NetD5_1
Added Pin To Net: NetName=NetD6_1 Pin=D6-1
Added Pin To Net: NetName=NetD6_1 Pin=R9-1
Added Net: Name=NetD6_1
Added Pin To Net: NetName=NetD7_1 Pin=D7-1
Added Pin To Net: NetName=NetD7_1 Pin=R10-1
Added Net: Name=NetD7_1
Added Pin To Net: NetName=NetD8_1 Pin=D8-1
Added Pin To Net: NetName=NetD8_1 Pin=R11-1
Added Net: Name=NetD8_1
Added Pin To Net: NetName=NetD9_1 Pin=D9-1
Added Pin To Net: NetName=NetD9_1 Pin=R12-1
Added Net: Name=NetD9_1
Added Pin To Net: NetName=NetD10_1 Pin=D10-1
Added Pin To Net: NetName=NetD10_1 Pin=R13-1
Added Net: Name=NetD10_1
Added Pin To Net: NetName=NetR1_CCW Pin=R1-CCW
Added Pin To Net: NetName=NetR1_CCW Pin=R2-1
Added Pin To Net: NetName=NetR1_CCW Pin=U1-7
Added Net: Name=NetR1_CCW
Added Pin To Net: NetName=NetR3_2 Pin=R3-2
Added Pin To Net: NetName=NetR3_2 Pin=U1-3
Added Net: Name=NetR3_2
Added Pin To Net: NetName=NetR4_2 Pin=R4-2
Added Pin To Net: NetName=NetR4_2 Pin=R9-2
Added Net: Name=NetR4_2
Added Pin To Net: NetName=NetR5_2 Pin=R5-2
Added Pin To Net: NetName=NetR5_2 Pin=R10-2
Added Net: Name=NetR5_2
Added Pin To Net: NetName=NetR6_2 Pin=R6-2
Added Pin To Net: NetName=NetR6_2 Pin=R11-2
Added Net: Name=NetR6_2
Added Pin To Net: NetName=NetR7_2 Pin=R7-2
Added Pin To Net: NetName=NetR7_2 Pin=R12-2
Added Net: Name=NetR7_2
Added Pin To Net: NetName=NetR8_2 Pin=R8-2
Added Pin To Net: NetName=NetR8_2 Pin=R13-2
Added Net: Name=NetR8_2
Added Pin To Net: NetName=V5V Pin=R2-2
Added Pin To Net: NetName=V5V Pin=U1-4
Added Pin To Net: NetName=V5V Pin=U1-8
Added Net: Name=V5V
Added Class: Name=goalLight
