Removed Pin From Net: NetName=V5V Pin=R1-2
Removed Pin From Net: NetName=NetR1_1 Pin=R2-1
Removed Pin From Net: NetName=NetC2_1 Pin=R2-2
Removed Pin From Net: NetName=NetC2_1 Pin=R2-3
Removed Pin From Net: NetName=CGND Pin=R3-1
Removed Pin From Net: NetName=NetR1_1 Pin=U1-7
Change Component DesignItemId : Designator=R3 Old DesignItemId=Res1 New DesignItemId=RPot-2
Change Component Footprint: Designator=R3 Old Footprint=AXIAL-0.4 New Footprint=POT3
Change Component Comment : Designator=R3 Old Comment=Res1 New Comment=RPot-2
Change Component Designator: OldDesignator=R4 NewDesignator=R5
Change Component Designator: OldDesignator=R5 NewDesignator=R6
Change Component Designator: OldDesignator=R6 NewDesignator=R7
Change Component Designator: OldDesignator=R7 NewDesignator=R8
Change Component Designator: OldDesignator=R8 NewDesignator=R9
Change Component Designator: OldDesignator=R9 NewDesignator=R10
Change Component Designator: OldDesignator=R10 NewDesignator=R11
Change Component Designator: OldDesignator=R11 NewDesignator=R12
Change Component Designator: OldDesignator=R12 NewDesignator=R13
Change Component Designator: OldDesignator=R13 NewDesignator=R14
Change Component Designator: OldDesignator=R14 NewDesignator=R15
Added Component: Designator=R2(AXIAL-0.4)
Added Component: Designator=R4(AXIAL-0.4)
Added Pin To Net: NetName=NetC2_1 Pin=R1-2
Added Pin To Net: NetName=V5V Pin=R2-2
Added Pin To Net: NetName=NetR1_1 Pin=R3-2
Added Pin To Net: NetName=NetR1_1 Pin=R3-3
Added Pin To Net: NetName=CGND Pin=R4-1
Change Net Name : Old Net Name=NetR5_2 New Net Name=NetR6_2
Change Net Name : Old Net Name=NetR6_2 New Net Name=NetR7_2
Change Net Name : Old Net Name=NetR7_2 New Net Name=NetR8_2
Change Net Name : Old Net Name=NetR8_2 New Net Name=NetR9_2
Change Net Name : Old Net Name=NetR9_2 New Net Name=NetR10_2
Added Pin To Net: NetName=NetR2_1 Pin=R2-1
Added Pin To Net: NetName=NetR2_1 Pin=R3-1
Added Pin To Net: NetName=NetR2_1 Pin=U1-7
Added Net: Name=NetR2_1
Added Pin To Net: NetName=NetR4_2 Pin=R4-2
Added Pin To Net: NetName=NetR4_2 Pin=U1-3
Added Pin To Net: NetName=NetR4_2 Pin=U2-14
Added Net: Name=NetR4_2
Added Member To Class: ClassName=goalLight Member=Component R15 Res1
